This file contains any messages produced by compilers while
running configure, to aid debugging if configure makes a mistake.

It was created by swordbindings configure 1.6.1+svn: 2541 $, which was
generated by GNU Autoconf 2.65.  Invocation command line was

  $ ./configure --with-sword-dir=/usr/local/sword LDFLAGS=-L/usr/lib64 --no-create --no-recursion

## --------- ##
## Platform. ##
## --------- ##

hostname = ip-10-117-47-181
uname -m = x86_64
uname -r = 2.6.35.14-97.44.amzn1.x86_64
uname -s = Linux
uname -v = #1 SMP Mon Oct 24 16:03:08 UTC 2011

/usr/bin/uname -p = unknown
/bin/uname -X     = unknown

/bin/arch              = x86_64
/usr/bin/arch -k       = unknown
/usr/convex/getsysinfo = unknown
/usr/bin/hostinfo      = unknown
/bin/machine           = unknown
/usr/bin/oslevel       = unknown
/bin/universe          = unknown

PATH: /home/ec2-user/.rvm/gems/ruby-1.9.2-p290/bin
PATH: /home/ec2-user/.rvm/gems/ruby-1.9.2-p290@global/bin
PATH: /home/ec2-user/.rvm/rubies/ruby-1.9.2-p290/bin
PATH: /home/ec2-user/.rvm/bin
PATH: /usr/local/bin
PATH: /bin
PATH: /usr/bin
PATH: /usr/local/sbin
PATH: /usr/sbin
PATH: /sbin
PATH: /opt/aws/bin
PATH: /home/ec2-user/bin
PATH: /opt/aws/bin


## ----------- ##
## Core tests. ##
## ----------- ##

configure:2447: checking for a BSD-compatible install
configure:2515: result: /usr/bin/install -c
configure:2526: checking whether build environment is sane
configure:2576: result: yes
configure:2717: checking for a thread-safe mkdir -p
configure:2756: result: /bin/mkdir -p
configure:2769: checking for gawk
configure:2785: found /bin/gawk
configure:2796: result: gawk
configure:2807: checking whether make sets $(MAKE)
configure:2829: result: yes
configure:2967: checking for gcc
configure:2983: found /usr/bin/gcc
configure:2994: result: gcc
configure:3223: checking for C compiler version
configure:3232: gcc --version >&5
gcc (GCC) 4.4.5 20110214 (Red Hat 4.4.5-6)
Copyright (C) 2010 Free Software Foundation, Inc.
This is free software; see the source for copying conditions.  There is NO
warranty; not even for MERCHANTABILITY or FITNESS FOR A PARTICULAR PURPOSE.

configure:3243: $? = 0
configure:3232: gcc -v >&5
Using built-in specs.
Target: x86_64-amazon-linux
Configured with: ../configure --prefix=/usr --mandir=/usr/share/man --infodir=/usr/share/info --with-bugurl=http://bugzilla.redhat.com/bugzilla --enable-bootstrap --enable-shared --enable-threads=posix --enable-checking=release --with-system-zlib --enable-__cxa_atexit --disable-libunwind-exceptions --enable-gnu-unique-object --disable-gjdoc --enable-languages=c,c++,objc,obj-c++,java,fortran,ada --disable-dssi --without-x --with-java-home=/usr/lib/jvm/java-1.5.0-gcj-1.5.0.0/jre --enable-libgcj-multifile --enable-java-maintainer-mode --with-ecj-jar=/usr/share/java/eclipse-ecj.jar --disable-libjava-multilib --with-ppl --with-cloog --with-tune=generic --with-arch_32=i686 --build=x86_64-amazon-linux
Thread model: posix
gcc version 4.4.5 20110214 (Red Hat 4.4.5-6) (GCC) 
configure:3243: $? = 0
configure:3232: gcc -V >&5
gcc: '-V' option must have argument
configure:3243: $? = 1
configure:3232: gcc -qversion >&5
gcc: unrecognized option '-qversion'
gcc: no input files
configure:3243: $? = 1
configure:3263: checking whether the C compiler works
configure:3285: gcc   -L/usr/lib64 conftest.c  >&5
configure:3289: $? = 0
configure:3338: result: yes
configure:3341: checking for C compiler default output file name
configure:3343: result: a.out
configure:3349: checking for suffix of executables
configure:3356: gcc -o conftest   -L/usr/lib64 conftest.c  >&5
configure:3360: $? = 0
configure:3382: result: 
configure:3404: checking whether we are cross compiling
configure:3412: gcc -o conftest   -L/usr/lib64 conftest.c  >&5
configure:3416: $? = 0
configure:3423: ./conftest
configure:3427: $? = 0
configure:3442: result: no
configure:3447: checking for suffix of object files
configure:3469: gcc -c   conftest.c >&5
configure:3473: $? = 0
configure:3494: result: o
configure:3498: checking whether we are using the GNU C compiler
configure:3517: gcc -c   conftest.c >&5
configure:3517: $? = 0
configure:3526: result: yes
configure:3535: checking whether gcc accepts -g
configure:3555: gcc -c -g  conftest.c >&5
configure:3555: $? = 0
configure:3596: result: yes
configure:3613: checking for gcc option to accept ISO C89
configure:3677: gcc  -c -g -O2  conftest.c >&5
configure:3677: $? = 0
configure:3690: result: none needed
configure:3721: checking for style of include used by make
configure:3749: result: GNU
configure:3774: checking dependency style of gcc
configure:3884: result: gcc3
configure:3957: checking for g++
configure:3973: found /usr/bin/g++
configure:3984: result: g++
configure:4011: checking for C++ compiler version
configure:4020: g++ --version >&5
g++ (GCC) 4.4.5 20110214 (Red Hat 4.4.5-6)
Copyright (C) 2010 Free Software Foundation, Inc.
This is free software; see the source for copying conditions.  There is NO
warranty; not even for MERCHANTABILITY or FITNESS FOR A PARTICULAR PURPOSE.

configure:4031: $? = 0
configure:4020: g++ -v >&5
Using built-in specs.
Target: x86_64-amazon-linux
Configured with: ../configure --prefix=/usr --mandir=/usr/share/man --infodir=/usr/share/info --with-bugurl=http://bugzilla.redhat.com/bugzilla --enable-bootstrap --enable-shared --enable-threads=posix --enable-checking=release --with-system-zlib --enable-__cxa_atexit --disable-libunwind-exceptions --enable-gnu-unique-object --disable-gjdoc --enable-languages=c,c++,objc,obj-c++,java,fortran,ada --disable-dssi --without-x --with-java-home=/usr/lib/jvm/java-1.5.0-gcj-1.5.0.0/jre --enable-libgcj-multifile --enable-java-maintainer-mode --with-ecj-jar=/usr/share/java/eclipse-ecj.jar --disable-libjava-multilib --with-ppl --with-cloog --with-tune=generic --with-arch_32=i686 --build=x86_64-amazon-linux
Thread model: posix
gcc version 4.4.5 20110214 (Red Hat 4.4.5-6) (GCC) 
configure:4031: $? = 0
configure:4020: g++ -V >&5
g++: '-V' option must have argument
configure:4031: $? = 1
configure:4020: g++ -qversion >&5
g++: unrecognized option '-qversion'
g++: no input files
configure:4031: $? = 1
configure:4035: checking whether we are using the GNU C++ compiler
configure:4054: g++ -c   conftest.cpp >&5
configure:4054: $? = 0
configure:4063: result: yes
configure:4072: checking whether g++ accepts -g
configure:4092: g++ -c -g  conftest.cpp >&5
configure:4092: $? = 0
configure:4133: result: yes
configure:4158: checking dependency style of g++
configure:4268: result: gcc3
configure:4313: checking build system type
configure:4327: result: x86_64-unknown-linux-gnu
configure:4347: checking host system type
configure:4360: result: x86_64-unknown-linux-gnu
configure:4380: checking for a sed that does not truncate output
configure:4444: result: /bin/sed
configure:4462: checking for grep that handles long lines and -e
configure:4520: result: /bin/grep
configure:4525: checking for egrep
configure:4587: result: /bin/grep -E
configure:4592: checking for fgrep
configure:4654: result: /bin/grep -F
configure:4689: checking for ld used by gcc
configure:4756: result: /usr/bin/ld
configure:4763: checking if the linker (/usr/bin/ld) is GNU ld
configure:4778: result: yes
configure:4790: checking for BSD- or MS-compatible name lister (nm)
configure:4839: result: /usr/bin/nm -B
configure:4957: checking the name lister (/usr/bin/nm -B) interface
configure:4964: g++ -c -g -O2  conftest.cpp >&5
configure:4967: /usr/bin/nm -B "conftest.o"
configure:4970: output
0000000000000000 B some_variable
configure:4977: result: BSD nm
configure:4980: checking whether ln -s works
configure:4984: result: yes
configure:4992: checking the maximum length of command line arguments
configure:5112: result: 1572864
configure:5129: checking whether the shell understands some XSI constructs
configure:5139: result: yes
configure:5143: checking whether the shell understands "+="
configure:5149: result: yes
configure:5184: checking for /usr/bin/ld option to reload object files
configure:5191: result: -r
configure:5260: checking for objdump
configure:5276: found /usr/bin/objdump
configure:5287: result: objdump
configure:5319: checking how to recognize dependent libraries
configure:5515: result: pass_all
configure:5575: checking for ar
configure:5591: found /usr/bin/ar
configure:5602: result: ar
configure:5680: checking for strip
configure:5696: found /usr/bin/strip
configure:5707: result: strip
configure:5779: checking for ranlib
configure:5795: found /usr/bin/ranlib
configure:5806: result: ranlib
configure:5896: checking command to parse /usr/bin/nm -B output from gcc object
configure:6014: g++ -c -g -O2  conftest.cpp >&5
configure:6017: $? = 0
configure:6021: /usr/bin/nm -B conftest.o \| sed -n -e 's/^.*[	 ]\([ABCDGIRSTW][ABCDGIRSTW]*\)[	 ][	 ]*\([_A-Za-z][_A-Za-z0-9]*\)$/\1 \2 \2/p' \> conftest.nm
configure:6024: $? = 0
configure:6078: g++ -o conftest -g -O2  -L/usr/lib64 conftest.cpp conftstm.o >&5
configure:6081: $? = 0
configure:6119: result: ok
configure:6215: g++ -c -g -O2  conftest.cpp >&5
configure:6218: $? = 0
configure:6928: checking how to run the C preprocessor
configure:6959: gcc -E  conftest.c
configure:6959: $? = 0
configure:6973: gcc -E  conftest.c
conftest.c:11:28: error: ac_nonexistent.h: No such file or directory
configure:6973: $? = 1
configure: failed program was:
| /* confdefs.h */
| #define PACKAGE_NAME "swordbindings"
| #define PACKAGE_TARNAME "swordbindings"
| #define PACKAGE_VERSION "1.6.1+svn$Rev: 2541 $"
| #define PACKAGE_STRING "swordbindings 1.6.1+svn$Rev: 2541 $"
| #define PACKAGE_BUGREPORT "sword-bugs@crosswire.org"
| #define PACKAGE_URL ""
| #define PACKAGE "swordbindings"
| #define VERSION "1.5.11"
| /* end confdefs.h.  */
| #include <ac_nonexistent.h>
configure:6998: result: gcc -E
configure:7018: gcc -E  conftest.c
configure:7018: $? = 0
configure:7032: gcc -E  conftest.c
conftest.c:11:28: error: ac_nonexistent.h: No such file or directory
configure:7032: $? = 1
configure: failed program was:
| /* confdefs.h */
| #define PACKAGE_NAME "swordbindings"
| #define PACKAGE_TARNAME "swordbindings"
| #define PACKAGE_VERSION "1.6.1+svn$Rev: 2541 $"
| #define PACKAGE_STRING "swordbindings 1.6.1+svn$Rev: 2541 $"
| #define PACKAGE_BUGREPORT "sword-bugs@crosswire.org"
| #define PACKAGE_URL ""
| #define PACKAGE "swordbindings"
| #define VERSION "1.5.11"
| /* end confdefs.h.  */
| #include <ac_nonexistent.h>
configure:7061: checking for ANSI C header files
configure:7081: gcc -c -g -O2  conftest.c >&5
configure:7081: $? = 0
configure:7154: gcc -o conftest -g -O2  -L/usr/lib64 conftest.c  >&5
configure:7154: $? = 0
configure:7154: ./conftest
configure:7154: $? = 0
configure:7165: result: yes
configure:7178: checking for sys/types.h
configure:7178: gcc -c -g -O2  conftest.c >&5
configure:7178: $? = 0
configure:7178: result: yes
configure:7178: checking for sys/stat.h
configure:7178: gcc -c -g -O2  conftest.c >&5
configure:7178: $? = 0
configure:7178: result: yes
configure:7178: checking for stdlib.h
configure:7178: gcc -c -g -O2  conftest.c >&5
configure:7178: $? = 0
configure:7178: result: yes
configure:7178: checking for string.h
configure:7178: gcc -c -g -O2  conftest.c >&5
configure:7178: $? = 0
configure:7178: result: yes
configure:7178: checking for memory.h
configure:7178: gcc -c -g -O2  conftest.c >&5
configure:7178: $? = 0
configure:7178: result: yes
configure:7178: checking for strings.h
configure:7178: gcc -c -g -O2  conftest.c >&5
configure:7178: $? = 0
configure:7178: result: yes
configure:7178: checking for inttypes.h
configure:7178: gcc -c -g -O2  conftest.c >&5
configure:7178: $? = 0
configure:7178: result: yes
configure:7178: checking for stdint.h
configure:7178: gcc -c -g -O2  conftest.c >&5
configure:7178: $? = 0
configure:7178: result: yes
configure:7178: checking for unistd.h
configure:7178: gcc -c -g -O2  conftest.c >&5
configure:7178: $? = 0
configure:7178: result: yes
configure:7193: checking for dlfcn.h
configure:7193: gcc -c -g -O2  conftest.c >&5
configure:7193: $? = 0
configure:7193: result: yes
configure:7318: checking for C++ compiler version
configure:7327: g++ --version >&5
g++ (GCC) 4.4.5 20110214 (Red Hat 4.4.5-6)
Copyright (C) 2010 Free Software Foundation, Inc.
This is free software; see the source for copying conditions.  There is NO
warranty; not even for MERCHANTABILITY or FITNESS FOR A PARTICULAR PURPOSE.

configure:7338: $? = 0
configure:7327: g++ -v >&5
Using built-in specs.
Target: x86_64-amazon-linux
Configured with: ../configure --prefix=/usr --mandir=/usr/share/man --infodir=/usr/share/info --with-bugurl=http://bugzilla.redhat.com/bugzilla --enable-bootstrap --enable-shared --enable-threads=posix --enable-checking=release --with-system-zlib --enable-__cxa_atexit --disable-libunwind-exceptions --enable-gnu-unique-object --disable-gjdoc --enable-languages=c,c++,objc,obj-c++,java,fortran,ada --disable-dssi --without-x --with-java-home=/usr/lib/jvm/java-1.5.0-gcj-1.5.0.0/jre --enable-libgcj-multifile --enable-java-maintainer-mode --with-ecj-jar=/usr/share/java/eclipse-ecj.jar --disable-libjava-multilib --with-ppl --with-cloog --with-tune=generic --with-arch_32=i686 --build=x86_64-amazon-linux
Thread model: posix
gcc version 4.4.5 20110214 (Red Hat 4.4.5-6) (GCC) 
configure:7338: $? = 0
configure:7327: g++ -V >&5
g++: '-V' option must have argument
configure:7338: $? = 1
configure:7327: g++ -qversion >&5
g++: unrecognized option '-qversion'
g++: no input files
configure:7338: $? = 1
configure:7342: checking whether we are using the GNU C++ compiler
configure:7370: result: yes
configure:7379: checking whether g++ accepts -g
configure:7440: result: yes
configure:7465: checking dependency style of g++
configure:7575: result: gcc3
configure:7598: checking how to run the C++ preprocessor
configure:7625: g++ -E  conftest.cpp
configure:7625: $? = 0
configure:7639: g++ -E  conftest.cpp
conftest.cpp:22:28: error: ac_nonexistent.h: No such file or directory
configure:7639: $? = 1
configure: failed program was:
| /* confdefs.h */
| #define PACKAGE_NAME "swordbindings"
| #define PACKAGE_TARNAME "swordbindings"
| #define PACKAGE_VERSION "1.6.1+svn$Rev: 2541 $"
| #define PACKAGE_STRING "swordbindings 1.6.1+svn$Rev: 2541 $"
| #define PACKAGE_BUGREPORT "sword-bugs@crosswire.org"
| #define PACKAGE_URL ""
| #define PACKAGE "swordbindings"
| #define VERSION "1.5.11"
| #define STDC_HEADERS 1
| #define HAVE_SYS_TYPES_H 1
| #define HAVE_SYS_STAT_H 1
| #define HAVE_STDLIB_H 1
| #define HAVE_STRING_H 1
| #define HAVE_MEMORY_H 1
| #define HAVE_STRINGS_H 1
| #define HAVE_INTTYPES_H 1
| #define HAVE_STDINT_H 1
| #define HAVE_UNISTD_H 1
| #define HAVE_DLFCN_H 1
| /* end confdefs.h.  */
| #include <ac_nonexistent.h>
configure:7664: result: g++ -E
configure:7684: g++ -E  conftest.cpp
configure:7684: $? = 0
configure:7698: g++ -E  conftest.cpp
conftest.cpp:22:28: error: ac_nonexistent.h: No such file or directory
configure:7698: $? = 1
configure: failed program was:
| /* confdefs.h */
| #define PACKAGE_NAME "swordbindings"
| #define PACKAGE_TARNAME "swordbindings"
| #define PACKAGE_VERSION "1.6.1+svn$Rev: 2541 $"
| #define PACKAGE_STRING "swordbindings 1.6.1+svn$Rev: 2541 $"
| #define PACKAGE_BUGREPORT "sword-bugs@crosswire.org"
| #define PACKAGE_URL ""
| #define PACKAGE "swordbindings"
| #define VERSION "1.5.11"
| #define STDC_HEADERS 1
| #define HAVE_SYS_TYPES_H 1
| #define HAVE_SYS_STAT_H 1
| #define HAVE_STDLIB_H 1
| #define HAVE_STRING_H 1
| #define HAVE_MEMORY_H 1
| #define HAVE_STRINGS_H 1
| #define HAVE_INTTYPES_H 1
| #define HAVE_STDINT_H 1
| #define HAVE_UNISTD_H 1
| #define HAVE_DLFCN_H 1
| /* end confdefs.h.  */
| #include <ac_nonexistent.h>
configure:7904: checking for objdir
configure:7919: result: .libs
configure:8211: checking if gcc supports -fno-rtti -fno-exceptions
configure:8229: gcc -c -g -O2  -fno-rtti -fno-exceptions conftest.c >&5
cc1: warning: command line option "-fno-rtti" is valid for C++/ObjC++ but not for C
configure:8233: $? = 0
configure:8246: result: no
configure:8266: checking for gcc option to produce PIC
configure:8538: result: -fPIC -DPIC
configure:8550: checking if gcc PIC flag -fPIC -DPIC works
configure:8568: gcc -c -g -O2  -fPIC -DPIC -DPIC conftest.c >&5
configure:8572: $? = 0
configure:8585: result: yes
configure:8609: checking if gcc static flag -static works
configure:8637: result: no
configure:8652: checking if gcc supports -c -o file.o
configure:8673: gcc -c -g -O2  -o out/conftest2.o conftest.c >&5
configure:8677: $? = 0
configure:8699: result: yes
configure:8707: checking if gcc supports -c -o file.o
configure:8754: result: yes
configure:8787: checking whether the gcc linker (/usr/bin/ld -m elf_x86_64) supports shared libraries
configure:9778: result: yes
configure:9815: checking whether -lc should be explicitly linked in
configure:9820: gcc -c -g -O2  conftest.c >&5
configure:9823: $? = 0
configure:9838: gcc -shared conftest.o  -v -Wl,-soname -Wl,conftest -o conftest 2\>\&1 \| /bin/grep  -lc  \>/dev/null 2\>\&1
configure:9841: $? = 0
configure:9853: result: no
configure:10017: checking dynamic linker characteristics
configure:10450: gcc -o conftest -g -O2  -L/usr/lib64 -Wl,-rpath -Wl,/foo conftest.c  >&5
configure:10450: $? = 0
configure:10680: result: GNU/Linux ld.so
configure:10782: checking how to hardcode library paths into programs
configure:10807: result: immediate
configure:11327: checking whether stripping libraries is possible
configure:11332: result: yes
configure:11367: checking if libtool supports shared libraries
configure:11369: result: yes
configure:11372: checking whether to build shared libraries
configure:11393: result: yes
configure:11396: checking whether to build static libraries
configure:11400: result: yes
configure:11550: checking for ld used by g++
configure:11617: result: /usr/bin/ld -m elf_x86_64
configure:11624: checking if the linker (/usr/bin/ld -m elf_x86_64) is GNU ld
configure:11639: result: yes
configure:11694: checking whether the g++ linker (/usr/bin/ld -m elf_x86_64) supports shared libraries
configure:12607: result: yes
configure:12635: g++ -c -g -O2  conftest.cpp >&5
configure:12638: $? = 0
configure:12820: checking for g++ option to produce PIC
configure:13137: result: -fPIC -DPIC
configure:13146: checking if g++ PIC flag -fPIC -DPIC works
configure:13164: g++ -c -g -O2  -fPIC -DPIC -DPIC conftest.cpp >&5
configure:13168: $? = 0
configure:13181: result: yes
configure:13202: checking if g++ static flag -static works
configure:13230: result: no
configure:13242: checking if g++ supports -c -o file.o
configure:13263: g++ -c -g -O2  -o out/conftest2.o conftest.cpp >&5
configure:13267: $? = 0
configure:13289: result: yes
configure:13294: checking if g++ supports -c -o file.o
configure:13341: result: yes
configure:13371: checking whether the g++ linker (/usr/bin/ld -m elf_x86_64) supports shared libraries
configure:13400: result: yes
configure:13537: checking dynamic linker characteristics
configure:13918: g++ -o conftest -g -O2  -L/usr/lib64 -Wl,-rpath -Wl,/foo conftest.cpp  >&5
configure:13918: $? = 0
configure:14148: result: GNU/Linux ld.so
configure:14199: checking how to hardcode library paths into programs
configure:14224: result: immediate
configure:14303: checking for swig
configure:14321: found /usr/bin/swig
configure:14333: result: /usr/bin/swig
configure:14410: checking for extra includes
configure:14438: result: no
configure:14442: checking for extra libs
configure:14471: result: no
configure:14477: checking for libz
configure:14506: gcc -o conftest -g -O2    -L/usr/lib64 conftest.c   -lz  >&5
configure:14506: $? = 0
configure:14525: result: -lz
configure:14556: checking for Sword library files
configure: 14577: /usr/local/sword/lib/libsword.a
taking that
configure:14608: result: /usr/local/sword/lib
configure:14613: checking for Sword include files
configure: 14626: /usr/local/sword/include/sword/swmgr.h
taking that
configure:14650: result: /usr/local/sword/include/sword
configure:14655: checking if you have Sword 1.5.7 or later
configure:14712: g++ -o conftest -g -O2 -I$  -I/usr/local/sword/include/sword  -L/usr/lib64 -L/usr/local/sword/lib conftest.cpp -L/usr/local/sword/lib -lsword -lz 1>&5
conftest.cpp:1:22: error: iostream.h: No such file or directory
conftest.cpp:3: error: 'std::cout' has not been declared
conftest.cpp:4: error: 'std::endl' has not been declared
conftest.cpp:7: warning: second argument of 'int main(int, char*)' should be 'char **'
conftest.cpp: In function 'int main(int, char*)':
conftest.cpp:9: error: 'cout' was not declared in this scope
conftest.cpp:9: error: 'endl' was not declared in this scope
conftest.cpp:15: error: 'cout' was not declared in this scope
conftest.cpp:15: error: 'endl' was not declared in this scope
conftest.cpp:20: error: 'cout' was not declared in this scope
conftest.cpp:20: error: 'endl' was not declared in this scope
configure:14715: $? = 1
configure: failed program was:
#include <iostream.h>
#include <swversion.h>
using std::cout;
using std::endl;
using sword::SWVersion;

int main(int argc, char* argv) {
	if (argc != 2) {
		cout << SWVersion::currentVersion << endl;
	}
	else if (argc == 2)
	{
		if (SWVersion(&argv[1]) < SWVersion::currentVersion || SWVersion(&argv[1]) == SWVersion::currentVersion)
		{
			cout << 0 << endl;
			return 0;
		}
		else
		{
			cout << 1 << endl;
			return 1; //version not recent enough
		}
	}
	return 0;
}
configure:14753: result: 
configure: right_version=ok
configure:14767: checking whether to enable maintainer-specific portions of Makefiles
configure:14776: result: no
configure:14830: checking for perl
configure:14848: found /usr/bin/perl
configure:14860: result: /usr/bin/perl
configure:14916: checking for Perl5 header files
configure:14926: result: /usr/lib64/perl5/CORE
configure:14938: checking for Perl5 library
configure:14945: result: perl.so
configure:15018: checking for NONE/bin/python
configure:15051: result: no
configure:15018: checking for python
configure:15036: found /usr/bin/python
configure:15048: result: /usr/bin/python
configure:15064: checking for Python prefix
configure:15067: result: /usr
configure:15069: checking for Python exec-prefix
configure:15072: result: /usr
configure:15079: checking for Python version
configure:15085: result: python2.6
configure:15090: checking for Python header files
configure:15100: result: 
configure:15104: checking for Python library
configure:15115: result: Not found
configure:15164: checking for php
configure:15197: result: no
configure:15164: checking for php4
configure:15197: result: no
configure:15208: checking for PHP4 header files
configure:15221: result: not found
configure:15270: checking for Tcl configuration
configure:15292: result: no
configure:15314: checking for Tcl header files
configure:15321: gcc -E  conftest.c
conftest.c:24:17: error: tcl.h: No such file or directory
configure:15321: $? = 1
configure: failed program was:
| /* confdefs.h */
| #define PACKAGE_NAME "swordbindings"
| #define PACKAGE_TARNAME "swordbindings"
| #define PACKAGE_VERSION "1.6.1+svn$Rev: 2541 $"
| #define PACKAGE_STRING "swordbindings 1.6.1+svn$Rev: 2541 $"
| #define PACKAGE_BUGREPORT "sword-bugs@crosswire.org"
| #define PACKAGE_URL ""
| #define PACKAGE "swordbindings"
| #define VERSION "1.5.11"
| #define STDC_HEADERS 1
| #define HAVE_SYS_TYPES_H 1
| #define HAVE_SYS_STAT_H 1
| #define HAVE_STDLIB_H 1
| #define HAVE_STRING_H 1
| #define HAVE_MEMORY_H 1
| #define HAVE_STRINGS_H 1
| #define HAVE_INTTYPES_H 1
| #define HAVE_STDINT_H 1
| #define HAVE_UNISTD_H 1
| #define HAVE_DLFCN_H 1
| #define LT_OBJDIR ".libs/"
| #define HAVE_LIBZ 1
| /* end confdefs.h.  */
| #include <tcl.h>
configure:15340: result: not found
configure:15348: checking for Tcl library
configure:15361: result: not found
configure:15562: creating ./config.status

## ---------------- ##
## Cache variables. ##
## ---------------- ##

ac_cv_build=x86_64-unknown-linux-gnu
ac_cv_c_compiler_gnu=yes
ac_cv_cxx_compiler_gnu=yes
ac_cv_env_CCC_set=
ac_cv_env_CCC_value=
ac_cv_env_CC_set=
ac_cv_env_CC_value=
ac_cv_env_CFLAGS_set=
ac_cv_env_CFLAGS_value=
ac_cv_env_CPPFLAGS_set=
ac_cv_env_CPPFLAGS_value=
ac_cv_env_CPP_set=
ac_cv_env_CPP_value=
ac_cv_env_CXXCPP_set=
ac_cv_env_CXXCPP_value=
ac_cv_env_CXXFLAGS_set=
ac_cv_env_CXXFLAGS_value=
ac_cv_env_CXX_set=
ac_cv_env_CXX_value=
ac_cv_env_LDFLAGS_set=set
ac_cv_env_LDFLAGS_value=-L/usr/lib64
ac_cv_env_LIBS_set=
ac_cv_env_LIBS_value=
ac_cv_env_build_alias_set=
ac_cv_env_build_alias_value=
ac_cv_env_host_alias_set=
ac_cv_env_host_alias_value=
ac_cv_env_target_alias_set=
ac_cv_env_target_alias_value=
ac_cv_header_dlfcn_h=yes
ac_cv_header_inttypes_h=yes
ac_cv_header_memory_h=yes
ac_cv_header_stdc=yes
ac_cv_header_stdint_h=yes
ac_cv_header_stdlib_h=yes
ac_cv_header_string_h=yes
ac_cv_header_strings_h=yes
ac_cv_header_sys_stat_h=yes
ac_cv_header_sys_types_h=yes
ac_cv_header_unistd_h=yes
ac_cv_host=x86_64-unknown-linux-gnu
ac_cv_lib_z=-lz
ac_cv_objext=o
ac_cv_path_EGREP='/bin/grep -E'
ac_cv_path_FGREP='/bin/grep -F'
ac_cv_path_GREP=/bin/grep
ac_cv_path_PERL=/usr/bin/perl
ac_cv_path_PYTHON=/usr/bin/python
ac_cv_path_SED=/bin/sed
ac_cv_path_SWIG=/usr/bin/swig
ac_cv_path_install='/usr/bin/install -c'
ac_cv_path_mkdir=/bin/mkdir
ac_cv_prog_AWK=gawk
ac_cv_prog_CPP='gcc -E'
ac_cv_prog_CXXCPP='g++ -E'
ac_cv_prog_ac_ct_AR=ar
ac_cv_prog_ac_ct_CC=gcc
ac_cv_prog_ac_ct_CXX=g++
ac_cv_prog_ac_ct_OBJDUMP=objdump
ac_cv_prog_ac_ct_RANLIB=ranlib
ac_cv_prog_ac_ct_STRIP=strip
ac_cv_prog_cc_c89=
ac_cv_prog_cc_g=yes
ac_cv_prog_cxx_g=yes
ac_cv_prog_make_make_set=yes
ac_cv_sword_incdir=/usr/local/sword/include/sword
ac_cv_sword_libdir=/usr/local/sword/lib
am_cv_CC_dependencies_compiler_type=gcc3
am_cv_CXX_dependencies_compiler_type=gcc3
lt_cv_deplibs_check_method=pass_all
lt_cv_file_magic_cmd='$MAGIC_CMD'
lt_cv_file_magic_test_file=
lt_cv_ld_reload_flag=-r
lt_cv_nm_interface='BSD nm'
lt_cv_objdir=.libs
lt_cv_path_LD=/usr/bin/ld
lt_cv_path_LDCXX='/usr/bin/ld -m elf_x86_64'
lt_cv_path_NM='/usr/bin/nm -B'
lt_cv_prog_compiler_c_o=yes
lt_cv_prog_compiler_c_o_CXX=yes
lt_cv_prog_compiler_pic_works=yes
lt_cv_prog_compiler_pic_works_CXX=yes
lt_cv_prog_compiler_rtti_exceptions=no
lt_cv_prog_compiler_static_works=no
lt_cv_prog_compiler_static_works_CXX=no
lt_cv_prog_gnu_ld=yes
lt_cv_prog_gnu_ldcxx=yes
lt_cv_sys_global_symbol_pipe='sed -n -e '\''s/^.*[	 ]\([ABCDGIRSTW][ABCDGIRSTW]*\)[	 ][	 ]*\([_A-Za-z][_A-Za-z0-9]*\)$/\1 \2 \2/p'\'''
lt_cv_sys_global_symbol_to_c_name_address='sed -n -e '\''s/^: \([^ ]*\) $/  {\"\1\", (void *) 0},/p'\'' -e '\''s/^[ABCDGIRSTW]* \([^ ]*\) \([^ ]*\)$/  {"\2", (void *) \&\2},/p'\'''
lt_cv_sys_global_symbol_to_c_name_address_lib_prefix='sed -n -e '\''s/^: \([^ ]*\) $/  {\"\1\", (void *) 0},/p'\'' -e '\''s/^[ABCDGIRSTW]* \([^ ]*\) \(lib[^ ]*\)$/  {"\2", (void *) \&\2},/p'\'' -e '\''s/^[ABCDGIRSTW]* \([^ ]*\) \([^ ]*\)$/  {"lib\2", (void *) \&\2},/p'\'''
lt_cv_sys_global_symbol_to_cdecl='sed -n -e '\''s/^T .* \(.*\)$/extern int \1();/p'\'' -e '\''s/^[ABCDGIRSTW]* .* \(.*\)$/extern char \1;/p'\'''
lt_cv_sys_max_cmd_len=1572864

## ----------------- ##
## Output variables. ##
## ----------------- ##

ACLOCAL='${SHELL} /home/ec2-user/dev/rsword/missing --run aclocal-1.11'
AMDEPBACKSLASH='\'
AMDEP_FALSE='#'
AMDEP_TRUE=''
AMTAR='${SHELL} /home/ec2-user/dev/rsword/missing --run tar'
AR='ar'
AUTOCONF='${SHELL} /home/ec2-user/dev/rsword/missing --run autoconf'
AUTOHEADER='${SHELL} /home/ec2-user/dev/rsword/missing --run autoheader'
AUTOMAKE='${SHELL} /home/ec2-user/dev/rsword/missing --run automake-1.11'
AWK='gawk'
CC='gcc'
CCDEPMODE='depmode=gcc3'
CFLAGS='-g -O2'
CPP='gcc -E'
CPPFLAGS=''
CXX='g++'
CXXCPP='g++ -E'
CXXDEPMODE='depmode=gcc3'
CXXFLAGS='-g -O2'
CYGPATH_W='echo'
DEFS='-DPACKAGE_NAME=\"swordbindings\" -DPACKAGE_TARNAME=\"swordbindings\" -DPACKAGE_VERSION=\"1.6.1+svn\$$Rev:\ 2541\ \$$\" -DPACKAGE_STRING=\"swordbindings\ 1.6.1+svn\$$Rev:\ 2541\ \$$\" -DPACKAGE_BUGREPORT=\"sword-bugs@crosswire.org\" -DPACKAGE_URL=\"\" -DPACKAGE=\"swordbindings\" -DVERSION=\"1.5.11\" -DSTDC_HEADERS=1 -DHAVE_SYS_TYPES_H=1 -DHAVE_SYS_STAT_H=1 -DHAVE_STDLIB_H=1 -DHAVE_STRING_H=1 -DHAVE_MEMORY_H=1 -DHAVE_STRINGS_H=1 -DHAVE_INTTYPES_H=1 -DHAVE_STDINT_H=1 -DHAVE_UNISTD_H=1 -DHAVE_DLFCN_H=1 -DLT_OBJDIR=\".libs/\" -DHAVE_LIBZ=1'
DEPDIR='.deps'
DSYMUTIL=''
DUMPBIN=''
ECHO_C=''
ECHO_N='-n'
ECHO_T=''
EGREP='/bin/grep -E'
EXEEXT=''
FGREP='/bin/grep -F'
GREP='/bin/grep'
INSTALL_DATA='${INSTALL} -m 644'
INSTALL_PROGRAM='${INSTALL}'
INSTALL_SCRIPT='${INSTALL}'
INSTALL_STRIP_PROGRAM='$(install_sh) -c -s'
LD='/usr/bin/ld -m elf_x86_64'
LDFLAGS='-L/usr/lib64'
LIBOBJS=''
LIBS=''
LIBTOOL='$(SHELL) $(top_builddir)/libtool'
LIBZ='-lz'
LIB_SWORD='-L/usr/local/sword/lib -lsword'
LIPO=''
LN_S='ln -s'
LTLIBOBJS=''
MAINT='#'
MAINTAINER_MODE_FALSE=''
MAINTAINER_MODE_TRUE='#'
MAKEINFO='${SHELL} /home/ec2-user/dev/rsword/missing --run makeinfo'
MKDIR_P='/bin/mkdir -p'
NM='/usr/bin/nm -B'
NMEDIT=''
OBJDUMP='objdump'
OBJEXT='o'
OTOOL64=''
OTOOL=''
PACKAGE='swordbindings'
PACKAGE_BUGREPORT='sword-bugs@crosswire.org'
PACKAGE_NAME='swordbindings'
PACKAGE_STRING='swordbindings 1.6.1+svn$Rev: 2541 $'
PACKAGE_TARNAME='swordbindings'
PACKAGE_URL=''
PACKAGE_VERSION='1.6.1+svn$Rev: 2541 $'
PATH_SEPARATOR=':'
PERL5DYNAMICLINKING=''
PERL5EXT='/usr/lib64/perl5/CORE'
PERL5LIB='perl.so'
PERL='/usr/bin/perl'
PERLBUILD='perl_make'
PHP4=''
PHP4INC=''
PYINCLUDE=''
PYLIB=''
PYLINK='-lpython2.6'
PYTHON='/usr/bin/python'
PYTHONBUILD=''
PYTHONDYNAMICLINKING=''
RANLIB='ranlib'
RUNSWIG_FALSE=''
RUNSWIG_TRUE='#'
SED='/bin/sed'
SET_MAKE=''
SHELL='/bin/sh'
STRIP='strip'
SWIG='/usr/bin/swig'
SWORD_INCLUDES='-I/usr/local/sword/include/sword'
SWORD_INCLUDE_DIR='/usr/local/sword/include/sword'
TCLDYNAMICLINKING=''
TCLINCLUDE=''
TCLLIB=''
USER_INCLUDES=''
USER_LDFLAGS=''
VERSION='1.5.11'
ac_ct_CC='gcc'
ac_ct_CXX='g++'
ac_ct_DUMPBIN=''
am__EXEEXT_FALSE=''
am__EXEEXT_TRUE='#'
am__fastdepCC_FALSE='#'
am__fastdepCC_TRUE=''
am__fastdepCXX_FALSE='#'
am__fastdepCXX_TRUE=''
am__include='include'
am__isrc=''
am__leading_dot='.'
am__quote=''
am__tar='${AMTAR} chof - "$$tardir"'
am__untar='${AMTAR} xf -'
bindir='${exec_prefix}/bin'
build='x86_64-unknown-linux-gnu'
build_alias=''
build_cpu='x86_64'
build_os='linux-gnu'
build_vendor='unknown'
datadir='${datarootdir}'
datarootdir='${prefix}/share'
docdir='${datarootdir}/doc/${PACKAGE_TARNAME}'
dvidir='${docdir}'
exec_prefix='${prefix}'
host='x86_64-unknown-linux-gnu'
host_alias=''
host_cpu='x86_64'
host_os='linux-gnu'
host_vendor='unknown'
htmldir='${docdir}'
includedir='${prefix}/include'
infodir='${datarootdir}/info'
install_sh='${SHELL} /home/ec2-user/dev/rsword/install-sh'
libdir='${exec_prefix}/lib'
libexecdir='${exec_prefix}/libexec'
localedir='${datarootdir}/locale'
localstatedir='${prefix}/var'
lt_ECHO='echo'
mandir='${datarootdir}/man'
mkdir_p='/bin/mkdir -p'
oldincludedir='/usr/include'
pdfdir='${docdir}'
prefix='/usr/local'
program_transform_name='s,x,x,'
psdir='${docdir}'
sbindir='${exec_prefix}/sbin'
sharedstatedir='${prefix}/com'
sysconfdir='${prefix}/etc'
target_alias=''

## ----------- ##
## confdefs.h. ##
## ----------- ##

/* confdefs.h */
#define PACKAGE_NAME "swordbindings"
#define PACKAGE_TARNAME "swordbindings"
#define PACKAGE_VERSION "1.6.1+svn$Rev: 2541 $"
#define PACKAGE_STRING "swordbindings 1.6.1+svn$Rev: 2541 $"
#define PACKAGE_BUGREPORT "sword-bugs@crosswire.org"
#define PACKAGE_URL ""
#define PACKAGE "swordbindings"
#define VERSION "1.5.11"
#define STDC_HEADERS 1
#define HAVE_SYS_TYPES_H 1
#define HAVE_SYS_STAT_H 1
#define HAVE_STDLIB_H 1
#define HAVE_STRING_H 1
#define HAVE_MEMORY_H 1
#define HAVE_STRINGS_H 1
#define HAVE_INTTYPES_H 1
#define HAVE_STDINT_H 1
#define HAVE_UNISTD_H 1
#define HAVE_DLFCN_H 1
#define LT_OBJDIR ".libs/"
#define HAVE_LIBZ 1

configure: exit 0

## ---------------------- ##
## Running config.status. ##
## ---------------------- ##

This file was extended by swordbindings config.status 1.6.1+svn: 2541 $, which was
generated by GNU Autoconf 2.65.  Invocation command line was

  CONFIG_FILES    = 
  CONFIG_HEADERS  = 
  CONFIG_LINKS    = 
  CONFIG_COMMANDS = 
  $ ./config.status 

on ip-10-117-47-181

config.status:1075: creating Makefile
config.status:1238: executing depfiles commands
config.status:1238: executing libtool commands
